# hmmsearch :: search profile(s) against a sequence database
# HMMER 3.3.2 (Nov 2020); http://hmmer.org/
# Copyright (C) 2020 Howard Hughes Medical Institute.
# Freely distributed under the BSD open source license.
# - - - - - - - - - - - - - - - - - - - - - - - - - - - - - - - - - - - -
# query HMM file:                  kunitz.hmm
# target sequence database:        D3GGZ8.fasta
# output directed to file:         D3GGZ8.out
# Max sensitivity mode:            on [all heuristic filters off]
# sequence search space set to:    569482
# number of worker threads:        4
# - - - - - - - - - - - - - - - - - - - - - - - - - - - - - - - - - - - -

Query:       seeds_MSA  [M=58]
Scores for complete sequences (score includes all domains):
   --- full sequence ---   --- best 1 domain ---    -#dom-
    E-value  score  bias    E-value  score  bias    exp  N  Sequence             Description
    ------- ------ -----    ------- ------ -----   ---- --  --------             -----------
  ------ inclusion threshold ------
        4.8   12.2   0.3        4.8   12.2   0.3    2.1  2  sp|D3GGZ8|BLI5_HAECO  Kunitz-type protein bli-5 OS=Haemonchus


Domain annotation for each sequence (and alignments):
>> sp|D3GGZ8|BLI5_HAECO  Kunitz-type protein bli-5 OS=Haemonchus contortus OX=6289 GN=bli-5 PE=3 SV=1
   #    score  bias  c-Evalue  i-Evalue hmmfrom  hmm to    alifrom  ali to    envfrom  env to     acc
 ---   ------ ----- --------- --------- ------- -------    ------- -------    ------- -------    ----
   1 ?   -2.8   0.4      0.39   2.2e+05      39      52 ..     107     120 ..     107     122 .. 0.74
   2 ?   12.2   0.3   8.4e-06       4.8      30      57 ..     163     191 ..     149     192 .. 0.81

  Alignments for each domain:
  == domain 1  score: -2.8 bits;  conditional E-value: 0.39
             seeds_MSA  39 cggnrNnFktaeeC 52 
                           c  + N  +t +eC
  sp|D3GGZ8|BLI5_HAECO 107 CSSKTNDCETGYEC 120
                           66778888888888 PP

  == domain 2  score: 12.2 bits;  conditional E-value: 8.4e-06
             seeds_MSA  30 kCqeFvYGGcgg.nrNnFktaeeCrrtCa 57 
                           +C++F +   +   +NnFkt+ +C+++C 
  sp|D3GGZ8|BLI5_HAECO 163 ECVKFKWDPEKPsSANNFKTKLQCESYCV 191
                           588888886665689*************6 PP



Internal pipeline statistics summary:
-------------------------------------
Query model(s):                            1  (58 nodes)
Target sequences:                          1  (195 residues searched)
Passed MSV filter:                         1  (1); expected 1.0 (1)
Passed bias filter:                        1  (1); expected 1.0 (1)
Passed Vit filter:                         1  (1); expected 1.0 (1)
Passed Fwd filter:                         1  (1); expected 1.0 (1)
Initial search space (Z):             569482  [as set by --Z on cmdline]
Domain search space  (domZ):               1  [number of targets reported over threshold]
# CPU time: 0.00u 0.01s 00:00:00.01 Elapsed: 00:00:00.00
# Mc/sec: 2.45
//
[ok]
